This is .bashrc
STELLOPT Version  2.75
  Equilibrium calculation provided by: 
  =================================================================================
  =========   Parallel Variational Moments Equilibrium Code (v 9.0)       =========
  =========                (S. Hirshman, J. Whitson)                      =========
  =========         http://vmecwiki.pppl.wikispaces.net/VMEC              =========
  =================================================================================
     
 -----  MPI Params.   -----
    MPI Version:  3.01
    Optimizers requested:           -1
    Number of Processors:           32
    Shared memory groups:            1
    Processors per group:           32
   Workers per optimizer:            1
     Optimizers provided:           32
 -----  Optimization  -----
    =======VARS=======
     RBC(-001, 001):  Radial Boundary Specification (COS)
     ZBS(-001, 001):  Vertical Boundary Specification (SIN)
     RBC( 000, 001):  Radial Boundary Specification (COS)
     ZBS( 000, 001):  Vertical Boundary Specification (SIN)
     RBC( 001, 000):  Radial Boundary Specification (COS)
     ZBS( 001, 000):  Vertical Boundary Specification (SIN)
     RBC( 001, 001):  Radial Boundary Specification (COS)
     ZBS( 001, 001):  Vertical Boundary Specification (SIN)
    ======TARGETS=====
     Aspect Ratio
     Rotational Transform
     Boozer Spectrum Helicity
    ==================
    Number of Parameters:            8
    Number of Targets:            1042
    !!!! EQUILIBRIUM RESTARTING NOT UTILIZED !!!!
     OPTIMIZER: Levenberg-Mardquardt
     NFUNC_MAX:        10000
         FTOL:     1.0000E-06
         XTOL:     1.0000E-30
         GTOL:     1.0000E-30
       EPSFCN:     1.0000E-06
          MODE:            1
        FACTOR:    100.000000000000     
 Warning: more processors have been requested
  than the maximum (nvar) required =            8
 ---------------------------  EQUILIBRIUM CALCULATION  ------------------------

  NS =   16 NO. FOURIER MODES =   41 FTOLV =  1.000E-16 NITER =    600
  PROCESSOR COUNT - RADIAL:    1
 INITIAL JACOBIAN CHANGED SIGN!
 TRYING TO IMPROVE INITIAL MAGNETIC AXIS GUESS
  ---- Improved AXIS Guess ----
      RAXIS_CC =    1.00000000000000       0.150000000000000     
  1.308410382236479E-017 -4.090245111258953E-016 -4.186913223156733E-016
      ZAXIS_CS =   0.000000000000000E+000  0.150000000000000     
  2.453269466693398E-017 -1.144859084456919E-017  0.000000000000000E+000
  -----------------------------

  ITER    FSQR      FSQZ      FSQL    RAX(v=0)    DELT       WMHD

    1  1.65E-02  3.06E-03  9.85E-03  1.150E+00  9.00E-01  2.6377E+01
  200  2.59E-11  7.53E-12  1.03E-11  1.136E+00  9.00E-01  2.6098E+01
  400  6.71E-12  1.31E-12  2.39E-12  1.136E+00  9.00E-01  2.6098E+01
  600  1.31E-12  9.61E-14  6.24E-13  1.134E+00  9.00E-01  2.6098E+01

  NS =   51 NO. FOURIER MODES =   41 FTOLV =  1.000E-11 NITER =   4000
  PROCESSOR COUNT - RADIAL:    1

  ITER    FSQR      FSQZ      FSQL    RAX(v=0)    DELT       WMHD

    1  7.04E-04  2.07E-04  7.65E-08  1.134E+00  9.00E-01  2.6098E+01
  200  8.00E-11  3.48E-11  9.43E-13  1.134E+00  9.00E-01  2.6098E+01
  400  1.35E-11  5.07E-12  4.12E-13  1.133E+00  9.00E-01  2.6098E+01
  426  9.79E-12  4.26E-12  3.50E-13  1.133E+00  9.00E-01  2.6098E+01

 EXECUTION TERMINATED NORMALLY

 FILE : nfp2_QA_opt0
 NUMBER OF JACOBIAN RESETS =    0

    TOTAL COMPUTATIONAL TIME (SEC)         2.30
    TIME TO INPUT/OUTPUT                   0.01
       READ IN DATA                        0.00
       WRITE OUT DATA TO WOUT              0.01
    TIME IN FUNCT3D                        2.27
       BCOVAR FIELDS                       0.36
       FOURIER TRANSFORM                   0.39
       INVERSE FOURIER TRANSFORM           0.38
       FORCES AND SYMMETRIZE               0.26
       RESIDUE                             0.71
       EQFORCE                             0.00
 -------------------------  PARAVMEC CALCULATION DONE  -----------------------
     ASPECT RATIO:    4.915
             BETA:    0.000  (total)
                      0.000  (poloidal)
                      0.000  (toroidal)
  TORIDAL CURRENT:   -0.127935856353E-09
     TORIDAL FLUX:    1.000
           VOLUME:    0.817
     MAJOR RADIUS:    1.000
     MINOR RADIUS:    0.203
       AXIS FIELD:    7.866
    STORED ENERGY:    0.000000000000E+00
 ---------------------------  BOOZER TRANSFORMATION  -------------------------
  0 <= mboz <=   31    -16 <= nboz <=   16
  nu_boz =   130 nv_boz =    66

             OUTBOARD (u=0)              JS          INBOARD (u=pi)
-----------------------------------------------------------------------------
  v     |B|vmec    |B|booz    Error             |B|vmec    |B|booz    Error

  0    6.272E+00  6.272E+00  2.434E-13   51    1.034E+01  1.034E+01  2.626E-08
 pi    7.552E+00  7.552E+00  7.009E-14         8.601E+00  8.601E+00  8.089E-08

 Beginning Levenberg-Marquardt Iterations
 Number of Processors:   32

======================================================================
  Iteration   Processor       Chi-Sq       LM Parameter      Delta Tol
======================================================================
       0          0         1.3701E+00
       3          3         1.3754E+00
       7          7         1.3701E+00
       8          8         1.3701E+00
       6          6         1.3700E+00
       4          4         1.3754E+00
       5          5         1.3700E+00
       2          2         1.3701E+00
       1          1         1.3701E+00
       9          1         1.0000E+12      4.4047E-08      3.4770E+02
      10          2         1.0000E+12      1.4193E-07      1.7500E+02
      11          3         1.0000E+12      3.3640E-07      8.8080E+01
      12          4         1.0000E+12      7.2278E-07      4.4332E+01
      13          5         1.0000E+12      1.4905E-06      2.2313E+01
      14          6         1.0000E+12      3.0157E-06      1.1230E+01
      15          7         1.0000E+12      6.0461E-06      5.6523E+00
      16          8         1.0000E+12      1.7239E-05      2.8449E+00
      17          9         1.0000E+12      3.0608E-04      1.4319E+00
      18         10         5.7604E-02*     2.3906E-01      7.2067E-01
      19         11         3.5392E-01      2.2210E+00      3.6272E-01
      20         12         7.8790E-01      6.7124E+00      1.8256E-01
      21         13         1.0485E+00      1.5198E+01      9.1886E-02
      22         14         1.2113E+00      3.4757E+01      4.6248E-02
      23         15         1.2893E+00      7.2139E+01      2.3277E-02
      24         16         1.3269E+00      1.3851E+02      1.1716E-02
      25         17         1.3491E+00      2.8976E+02      5.8966E-03
      26         18         1.3597E+00      5.8611E+02      2.9678E-03
      27         19         1.3648E+00      1.1704E+03      1.4937E-03
      28         20         1.3674E+00      2.3292E+03      7.5182E-04
      29         21         1.3688E+00      4.6309E+03      3.7840E-04
      30         22         1.3694E+00      9.2041E+03      1.9045E-04
      31         23         1.3698E+00      1.8290E+04      9.5857E-05
      32         24         1.3699E+00      3.6343E+04      4.8246E-05
      33         25         1.3700E+00      7.2211E+04      2.4283E-05
      34         26         1.3700E+00      1.4347E+05      1.2222E-05
      35         27         1.3701E+00      2.7209E+05      6.1514E-06
      36         28         1.3701E+00      5.5672E+05      3.0961E-06
      37         29         1.3701E+00      1.1193E+06      1.5583E-06
      38         30         1.3701E+00      2.2324E+06      7.8431E-07
      39         31         1.3701E+00      4.4404E+06      3.9475E-07
      40         32         1.3701E+00      8.8250E+06      1.9868E-07
  

  new minimum =  5.760E-02  lm-par =  1.195E-01  delta-tol =  1.470E+00

       7          7         5.7569E-02
       8          8         5.7571E-02
       4          4         5.8238E-02
       6          6         5.7557E-02
       3          3         5.8189E-02
       2          2         5.7569E-02
       1          1         5.7566E-02
       5          5         5.7549E-02
      49          1         2.6326E-02      2.3980E-01      9.1887E-02
      50          2         2.3745E-02      3.6301E-02      1.8377E-01
      51          3         2.3256E-02*     2.0418E-02      2.7566E-01
      52          4         2.5560E-02      1.3999E-02      3.6755E-01
      53          5         3.2850E-02      1.0470E-02      4.5943E-01
      54          6         4.8074E-02      8.2241E-03      5.5132E-01
      55          7         7.5053E-02      6.6667E-03      6.4321E-01
      56          8         1.1866E-01      5.5238E-03      7.3510E-01
      57          9         1.8509E-01      4.6508E-03      8.2698E-01
      58         10         2.8220E-01      3.9636E-03      9.1887E-01
      59         11         4.2005E-01      3.4100E-03      1.0108E+00
      60         12         6.1160E-01      2.9558E-03      1.1026E+00
      61         13         8.7355E-01      2.5776E-03      1.1945E+00
      62         14         1.2274E+00      2.2590E-03      1.2864E+00
      63         15         1.7019E+00      1.9879E-03      1.3783E+00
      64         16         2.3341E+00      1.7553E-03      1.4702E+00
      65         17         3.1737E+00      1.5542E-03      1.5621E+00
      66         18         4.2854E+00      1.3794E-03      1.6540E+00
      67         19         1.0000E+12      1.2263E-03      1.7459E+00
      68         20         1.0000E+12      1.0917E-03      1.8377E+00
      69         21         1.0000E+12      9.7242E-04      1.9296E+00
      70         22         1.0000E+12      8.6632E-04      2.0215E+00
      71         23         1.0000E+12      7.7144E-04      2.1134E+00
      72         24         1.0000E+12      6.8624E-04      2.2053E+00
      73         25         1.0000E+12      6.0950E-04      2.2972E+00
      74         26         1.0000E+12      5.4028E-04      2.3891E+00
      75         27         1.0000E+12      4.7783E-04      2.4809E+00
      76         28         1.0000E+12      4.2160E-04      2.5728E+00
      77         29         1.0000E+12      3.7116E-04      2.6647E+00
      78         30         1.0000E+12      3.2616E-04      2.7566E+00
      79         31         1.0000E+12      2.8627E-04      2.8485E+00
      80         32         1.0000E+12      2.5117E-04      2.9404E+00
  

  new minimum =  2.326E-02  lm-par =  1.021E-02  delta-tol =  5.580E-01

       8          8         2.3250E-02
       6          6         2.3247E-02
       3          3         2.3448E-02
       4          4         2.3473E-02
       7          7         2.3250E-02
       5          5         2.3268E-02
       2          2         2.3241E-02
       1          1         2.3237E-02
      89          1         2.1641E-02      2.1013E-01      3.4872E-02
      90          2         2.1104E-02      8.1005E-02      6.9744E-02
      91          3         2.0688E-02      5.2222E-02      1.0462E-01
      92          4         2.0308E-02      3.8405E-02      1.3949E-01
      93          5         1.9972E-02      3.0263E-02      1.7436E-01
      94          6         1.9688E-02      2.4834E-02      2.0923E-01
      95          7         1.9477E-02      2.0957E-02      2.4410E-01
      96          8         1.9364E-02*     1.8049E-02      2.7898E-01
      97          9         1.9374E-02      1.5787E-02      3.1385E-01
      98         10         1.9542E-02      1.3977E-02      3.4872E-01
      99         11         1.9902E-02      1.2497E-02      3.8359E-01
     100         12         2.1382E-02      1.0209E-02      4.1846E-01
     101         13         2.1382E-02      1.0209E-02      4.5334E-01
     102         14         2.1382E-02      1.0209E-02      4.8821E-01
     103         15         2.4180E-02      8.5490E-03      5.2308E-01
     104         16         2.6235E-02      7.8704E-03      5.5795E-01
     105         17         2.8820E-02      7.2717E-03      5.9282E-01
     106         18         3.2014E-02      6.7395E-03      6.2770E-01
     107         19         3.5906E-02      6.2633E-03      6.6257E-01
     108         20         4.0594E-02      5.8348E-03      6.9744E-01
     109         21         4.6188E-02      5.4470E-03      7.3231E-01
     110         22         5.2812E-02      5.0945E-03      7.6718E-01
     111         23         6.0598E-02      4.7727E-03      8.0206E-01
     112         24         6.9697E-02      4.4776E-03      8.3693E-01
     113         25         8.0276E-02      4.2062E-03      8.7180E-01
     114         26         9.2522E-02      3.9557E-03      9.0667E-01
     115         27         1.0664E-01      3.7237E-03      9.4154E-01
     116         28         1.2286E-01      3.5083E-03      9.7642E-01
     117         29         1.4145E-01      3.3077E-03      1.0113E+00
     118         30         1.6268E-01      3.1205E-03      1.0462E+00
     119         31         1.8689E-01      2.9454E-03      1.0810E+00
     120         32         2.1444E-01      2.7813E-03      1.1159E+00
  

  new minimum =  1.936E-02  lm-par =  9.024E-03  delta-tol =  5.615E-01

       7          7         1.9360E-02
       3          3         1.9531E-02
       6          6         1.9357E-02
       8          8         1.9360E-02
       5          5         1.9367E-02
       2          2         1.9343E-02
       4          4         1.9559E-02
       1          1         1.9350E-02
     129          1         1.8267E-02      1.5933E-01      3.5094E-02
     130          2         1.7854E-02      7.6124E-02      7.0188E-02
     131          3         1.7446E-02      4.9574E-02      1.0528E-01
     132          4         1.7043E-02      3.6485E-02      1.4038E-01
     133          5         1.6647E-02      2.8692E-02      1.7547E-01
     134          6         1.6269E-02      2.3548E-02      2.1056E-01
     135          7         1.5916E-02      1.9898E-02      2.4566E-01
     136          8         1.5595E-02      1.7160E-02      2.8075E-01
     137          9         1.5316E-02      1.5030E-02      3.1585E-01
     138         10         1.5094E-02      1.3327E-02      3.5094E-01
     139         11         1.4941E-02      1.1933E-02      3.8603E-01
     140         12         1.4873E-02*     1.0772E-02      4.2113E-01
     141         13         1.5042E-02      9.0244E-03      4.5622E-01
     142         14         1.5042E-02      9.0244E-03      4.9132E-01
     143         15         1.5042E-02      9.0244E-03      5.2641E-01
     144         16         1.5823E-02      7.5776E-03      5.6151E-01
     145         17         1.6472E-02      7.0139E-03      5.9660E-01
     146         18         1.7335E-02      6.5129E-03      6.3169E-01
     147         19         1.8438E-02      6.0646E-03      6.6679E-01
     148         20         1.9812E-02      5.6611E-03      7.0188E-01
     149         21         2.1489E-02      5.2961E-03      7.3698E-01
     150         22         2.3501E-02      4.9642E-03      7.7207E-01
     151         23         2.5884E-02      4.6613E-03      8.0716E-01
     152         24         2.8677E-02      4.3835E-03      8.4226E-01
     153         25         3.1921E-02      4.1280E-03      8.7735E-01
     154         26         3.5659E-02      3.8921E-03      9.1245E-01
     155         27         3.9939E-02      3.6737E-03      9.4754E-01
     156         28         4.4810E-02      3.4709E-03      9.8263E-01
     157         29         5.0323E-02      3.2821E-03      1.0177E+00
     158         30         5.6539E-02      3.1059E-03      1.0528E+00
     159         31         6.3515E-02      2.9410E-03      1.0879E+00
     160         32         7.1319E-02      2.7865E-03      1.1230E+00
  

  new minimum =  1.487E-02  lm-par =  5.386E-03  delta-tol =  8.425E-01

       7          7         1.4869E-02
       6          6         1.4861E-02
       8          8         1.4870E-02
       5          5         1.4867E-02
       4          4         1.5121E-02
       3          3         1.5077E-02
       1          1         1.4870E-02
       2          2         1.4830E-02
     169          1         1.2869E-02      1.4274E-01      5.2653E-02
     170          2         1.1965E-02      5.4902E-02      1.0531E-01
     171          3         1.1216E-02      3.5071E-02      1.5796E-01
     172          4         1.0479E-02      2.5321E-02      2.1061E-01
     173          5         9.7701E-03      1.9589E-02      2.6327E-01
     174          6         9.0944E-03      1.5788E-02      3.1592E-01
     175          7         8.4644E-03      1.3073E-02      3.6857E-01
     176          8         7.9000E-03      1.1037E-02      4.2123E-01
     177          9         7.4229E-03      9.4537E-03      4.7388E-01
     178         10         7.0581E-03      8.1869E-03      5.2653E-01
     179         11         6.8349E-03      7.1503E-03      5.7919E-01
     180         12         6.7850E-03*     6.2866E-03      6.3184E-01
     181         13         7.0221E-03      5.3858E-03      6.8449E-01
     182         14         7.0221E-03      5.3858E-03      7.3714E-01
     183         15         8.0429E-03      4.3863E-03      7.8980E-01
     184         16         9.0756E-03      3.9112E-03      8.4245E-01
     185         17         1.0498E-02      3.4920E-03      8.9510E-01
     186         18         1.2365E-02      3.1194E-03      9.4776E-01
     187         19         1.4741E-02      2.7860E-03      1.0004E+00
     188         20         1.7696E-02      2.4860E-03      1.0531E+00
     189         21         2.1305E-02      2.2145E-03      1.1057E+00
     190         22         2.5649E-02      1.9677E-03      1.1584E+00
     191         23         3.0813E-02      1.7424E-03      1.2110E+00
     192         24         3.6895E-02      1.5358E-03      1.2637E+00
     193         25         4.3987E-02      1.3458E-03      1.3163E+00
     194         26         5.2200E-02      1.1704E-03      1.3690E+00
     195         27         6.1630E-02      1.0080E-03      1.4216E+00
     196         28         7.2380E-02      8.5715E-04      1.4743E+00
     197         29         8.4472E-02      7.1674E-04      1.5269E+00
     198         30         9.8060E-02      5.8568E-04      1.5796E+00
     199         31         1.1327E-01      4.6308E-04      1.6322E+00
     200         32         1.3033E-01      3.4815E-04      1.6849E+00
  

  new minimum =  6.785E-03  lm-par =  3.143E-03  delta-tol =  1.264E+00

       4          4         7.0586E-03
       6          6         6.7710E-03
       7          7         6.7786E-03
       5          5         6.7731E-03
       3          3         6.9899E-03
       8          8         6.7817E-03
       2          2         6.7060E-03
       1          1         6.7985E-03
     209          1         3.4008E-03      8.4501E-02      7.8995E-02
     210          2         2.3078E-03      2.3650E-02      1.5799E-01
     211          3         1.7829E-03      1.2584E-02      2.3699E-01
     212          4         1.5381E-03*     7.0506E-03      3.1598E-01
     213          5         1.6854E-03      3.1433E-03      3.9498E-01
     214          6         2.0775E-03      1.5174E-03      4.7397E-01
     215          7         2.5569E-03      2.8338E-04      5.5297E-01
     216          8         2.5385E-03      1.6301E-04      6.3196E-01
     217          9         2.5727E-03      9.7363E-05      7.1096E-01
     218         10         2.9900E-03      4.3901E-05      7.8995E-01
     219         11         3.4353E-03      2.8334E-05      8.6895E-01
     220         12         4.1698E-03      1.5361E-05      9.4794E-01
     221         13         3.6637E-03      0.0000E+00      1.0269E+00
     222         14         4.2426E-03      0.0000E+00      1.1059E+00
     223         15         5.0324E-03      0.0000E+00      1.1849E+00
     224         16         6.0632E-03      0.0000E+00      1.2639E+00
     225         17         7.3718E-03      0.0000E+00      1.3429E+00
     226         18         8.9980E-03      0.0000E+00      1.4219E+00
     227         19         1.0985E-02      0.0000E+00      1.5009E+00
     228         20         1.3388E-02      0.0000E+00      1.5799E+00
     229         21         1.6259E-02      0.0000E+00      1.6589E+00
     230         22         1.9663E-02      0.0000E+00      1.7379E+00
     231         23         2.3673E-02      0.0000E+00      1.8169E+00
     232         24         2.8362E-02      0.0000E+00      1.8959E+00
     233         25         3.3816E-02      0.0000E+00      1.9749E+00
     234         26         4.0131E-02      0.0000E+00      2.0539E+00
     235         27         4.7416E-02      0.0000E+00      2.1329E+00
     236         28         5.5787E-02      0.0000E+00      2.2119E+00
     237         29         6.5374E-02      0.0000E+00      2.2909E+00
     238         30         7.6324E-02      0.0000E+00      2.3699E+00
     239         31         8.8807E-02      0.0000E+00      2.4488E+00
     240         32         1.0299E-01      0.0000E+00      2.5278E+00
  

  new minimum =  1.538E-03  lm-par =  3.525E-03  delta-tol =  6.397E-01

       7          7         1.5345E-03
       6          6         1.5349E-03
       8          8         1.5352E-03
       5          5         1.5359E-03
       4          4         1.5789E-03
       3          3         1.5460E-03
       1          1         1.5244E-03
       2          2         1.5259E-03
     249          1         1.1303E-03      2.3090E-02      3.9982E-02
     250          2         1.0859E-03      3.5253E-03      7.9964E-02
     251          3         1.0711E-03      1.8461E-03      1.1995E-01
     252          4         1.0617E-03      9.7397E-04      1.5993E-01
     253          5         1.0615E-03      6.6653E-04      1.9991E-01
     254          6         1.0626E-03      4.8942E-04      2.3989E-01
     255          7         1.0616E-03      3.7867E-04      2.7987E-01
     256          8         1.0577E-03      3.0480E-04      3.1986E-01
     257          9         1.0535E-03      2.5286E-04      3.5984E-01
     258         10         1.0534E-03*     2.1473E-04      3.9982E-01
     259         11         1.0637E-03      1.8571E-04      4.3980E-01
     260         12         1.0913E-03      1.6296E-04      4.7978E-01
     261         13         1.1438E-03      1.4468E-04      5.1977E-01
     262         14         1.4141E-03      1.1340E-04      5.5975E-01
     263         15         1.5995E-03      1.0403E-04      5.9973E-01
     264         16         1.8432E-03      9.5840E-05      6.3971E-01
     265         17         2.1551E-03      8.8611E-05      6.7969E-01
     266         18         2.5466E-03      8.2185E-05      7.1968E-01
     267         19         3.0288E-03      7.6436E-05      7.5966E-01
     268         20         3.6134E-03      7.1261E-05      7.9964E-01
     269         21         4.3148E-03      6.6580E-05      8.3962E-01
     270         22         5.1472E-03      6.2324E-05      8.7960E-01
     271         23         6.1255E-03      5.8438E-05      9.1959E-01
     272         24         7.2655E-03      5.4876E-05      9.5957E-01
     273         25         8.5848E-03      5.1598E-05      9.9955E-01
     274         26         1.0102E-02      4.8573E-05      1.0395E+00
     275         27         1.1836E-02      4.5772E-05      1.0795E+00
     276         28         1.3807E-02      4.3171E-05      1.1195E+00
     277         29         1.6037E-02      4.0750E-05      1.1595E+00
     278         30         1.8549E-02      3.8490E-05      1.1995E+00
     279         31         2.1366E-02      3.6376E-05      1.2394E+00
     280         32         2.4517E-02      3.4393E-05      1.2794E+00
  

  new minimum =  1.053E-03  lm-par =  1.074E-04  delta-tol =  8.068E-01

       7          7         1.0546E-03
       3          3         1.0668E-03
       6          6         1.0533E-03
       8          8         1.0532E-03
       4          4         1.0654E-03
       5          5         1.0539E-03
       2          2         1.0618E-03
       1          1         1.0557E-03
     289          1         1.0053E-03      1.0769E-03      5.0427E-02
     290          2         1.0009E-03      4.3611E-04      1.0085E-01
     291          3         9.9732E-04*     2.3826E-04      1.5128E-01
     292          4         9.9827E-04      1.7473E-04      2.0171E-01
     293          5         1.0067E-03      1.3661E-04      2.5213E-01
     294          6         1.0275E-03      1.1120E-04      3.0256E-01
     295          7         1.0333E-03      1.0737E-04      3.5299E-01
     296          8         1.1222E-03      8.1035E-05      4.0341E-01
     297          9         1.2251E-03      6.9535E-05      4.5384E-01
     298         10         1.3800E-03      6.0380E-05      5.0427E-01
     299         11         1.5829E-03      5.3450E-05      5.5469E-01
     300         12         1.8561E-03      4.7674E-05      6.0512E-01
     301         13         2.2135E-03      4.2787E-05      6.5555E-01
     302         14         2.6712E-03      3.8599E-05      7.0597E-01
     303         15         3.2467E-03      3.4968E-05      7.5640E-01
     304         16         3.9586E-03      3.1792E-05      8.0683E-01
     305         17         4.8282E-03      2.8989E-05      8.5725E-01
     306         18         5.8774E-03      2.6498E-05      9.0768E-01
     307         19         7.1303E-03      2.4269E-05      9.5811E-01
     308         20         8.6131E-03      2.2263E-05      1.0085E+00
     309         21         1.0354E-02      2.0448E-05      1.0590E+00
     310         22         1.2384E-02      1.8797E-05      1.1094E+00
     311         23         1.4735E-02      1.7291E-05      1.1598E+00
     312         24         1.7442E-02      1.5910E-05      1.2102E+00
     313         25         2.0542E-02      1.4639E-05      1.2607E+00
     314         26         2.4074E-02      1.3466E-05      1.3111E+00
     315         27         2.8082E-02      1.2380E-05      1.3615E+00
     316         28         3.2610E-02      1.1372E-05      1.4119E+00
     317         29         3.7708E-02      1.0433E-05      1.4624E+00
     318         30         4.3427E-02      9.5569E-06      1.5128E+00
     319         31         4.9823E-02      8.7372E-06      1.5632E+00
     320         32         5.6954E-02      7.9687E-06      1.6137E+00
  

  new minimum =  9.973E-04  lm-par =  1.191E-04  delta-tol =  3.308E-01

       7          7         9.9739E-04
       8          8         9.9736E-04
       6          6         9.9736E-04
       4          4         1.0238E-03
       5          5         9.9738E-04
       3          3         1.0193E-03
       1          1         1.0004E-03
       2          2         9.9827E-04
     329          1         9.9500E-04      1.3013E-03      2.0672E-02
     330          2         9.9386E-04      6.4375E-04      4.1344E-02
     331          3         9.9283E-04      4.2456E-04      6.2016E-02
     332          4         9.9211E-04      3.1497E-04      8.2688E-02
     333          5         9.9180E-04*     2.4921E-04      1.0336E-01
     334          6         9.9194E-04      2.0538E-04      1.2403E-01
     335          7         9.9268E-04      1.7406E-04      1.4470E-01
     336          8         9.9421E-04      1.5058E-04      1.6538E-01
     337          9         9.9681E-04      1.3231E-04      1.8605E-01
     338         10         1.0003E-03      1.1913E-04      2.0672E-01
     339         11         1.0003E-03      1.1913E-04      2.2739E-01
     340         12         1.0134E-03      9.6239E-05      2.4806E-01
     341         13         1.0232E-03      8.7672E-05      2.6874E-01
     342         14         1.0358E-03      8.0329E-05      2.8941E-01
     343         15         1.0517E-03      7.3965E-05      3.1008E-01
     344         16         1.0712E-03      6.8397E-05      3.3075E-01
     345         17         1.0946E-03      6.3550E-05      3.5142E-01
     346         18         1.1225E-03      5.9252E-05      3.7210E-01
     347         19         1.1555E-03      5.5407E-05      3.9277E-01
     348         20         1.1944E-03      5.1946E-05      4.1344E-01
     349         21         1.2397E-03      4.8814E-05      4.3411E-01
     350         22         1.2920E-03      4.5968E-05      4.5478E-01
     351         23         1.3522E-03      4.3369E-05      4.7546E-01
     352         24         1.4208E-03      4.0986E-05      4.9613E-01
     353         25         1.4987E-03      3.8794E-05      5.1680E-01
     354         26         1.5867E-03      3.6771E-05      5.3747E-01
     355         27         1.6856E-03      3.4898E-05      5.5814E-01
     356         28         1.7963E-03      3.3158E-05      5.7882E-01
     357         29         1.9196E-03      3.1539E-05      5.9949E-01
     358         30         2.0567E-03      3.0027E-05      6.2016E-01
     359         31         2.2084E-03      2.8613E-05      6.4083E-01
     360         32         2.3757E-03      2.7287E-05      6.6150E-01
  

  new minimum =  9.918E-04  lm-par =  1.246E-04  delta-tol =  2.101E-01

       6          6         9.9182E-04
       8          8         9.9183E-04
       5          5         9.9182E-04
       3          3         1.0141E-03
       4          4         1.0190E-03
       2          2         9.9231E-04
       7          7         9.9183E-04
       1          1         9.9506E-04
     369          1         9.9063E-04      1.3145E-03      1.3132E-02
     370          2         9.9025E-04      6.5066E-04      2.6264E-02
     371          3         9.8990E-04      4.2938E-04      3.9397E-02
     372          4         9.8959E-04      3.1874E-04      5.2529E-02
     373          5         9.8936E-04      2.5235E-04      6.5661E-02
     374          6         9.8924E-04*     2.0810E-04      7.8793E-02
     375          7         9.8924E-04      1.7649E-04      9.1925E-02
     376          8         9.8941E-04      1.5278E-04      1.0506E-01
     377          9         9.8978E-04      1.3434E-04      1.1819E-01
     378         10         9.9014E-04      1.2461E-04      1.3132E-01
     379         11         9.9125E-04      1.0779E-04      1.4445E-01
     380         12         9.9247E-04      9.7655E-05      1.5759E-01
     381         13         9.9411E-04      8.9081E-05      1.7072E-01
     382         14         9.9622E-04      8.1733E-05      1.8385E-01
     383         15         9.9889E-04      7.5364E-05      1.9698E-01
     384         16         1.0021E-03      6.9798E-05      2.1011E-01
     385         17         1.0060E-03      6.4916E-05      2.2325E-01
     386         18         1.0106E-03      6.0577E-05      2.3638E-01
     387         19         1.0161E-03      5.6695E-05      2.4951E-01
     388         20         1.0224E-03      5.3201E-05      2.6264E-01
     389         21         1.0298E-03      5.0040E-05      2.7578E-01
     390         22         1.0383E-03      4.7167E-05      2.8891E-01
     391         23         1.0480E-03      4.4543E-05      3.0204E-01
     392         24         1.0591E-03      4.2137E-05      3.1517E-01
     393         25         1.0716E-03      3.9925E-05      3.2830E-01
     394         26         1.0858E-03      3.7882E-05      3.4144E-01
     395         27         1.1016E-03      3.5991E-05      3.5457E-01
     396         28         1.1193E-03      3.4235E-05      3.6770E-01
     397         29         1.1390E-03      3.2599E-05      3.8083E-01
     398         30         1.1608E-03      3.1073E-05      3.9397E-01
     399         31         1.1848E-03      2.9646E-05      4.0710E-01
     400         32         1.2113E-03      2.8307E-05      4.2023E-01
  

  new minimum =  9.892E-04  lm-par =  2.081E-04  delta-tol =  7.879E-02

       7          7         9.8925E-04
       8          8         9.8926E-04
       6          6         9.8925E-04
       3          3         1.0093E-03
       5          5         9.8925E-04
       4          4         1.0141E-03
       1          1         9.9193E-04
       2          2         9.9040E-04
     409          1         9.8887E-04      1.9176E-03      4.9246E-03
     410          2         9.8878E-04      9.5231E-04      9.8491E-03
     411          3         9.8870E-04      6.3055E-04      1.4774E-02
     412          4         9.8863E-04      4.6967E-04      1.9698E-02
     413          5         9.8855E-04      3.7314E-04      2.4623E-02
     414          6         9.8849E-04      3.0879E-04      2.9547E-02
     415          7         9.8844E-04      2.6282E-04      3.4472E-02
     416          8         9.8840E-04      2.2835E-04      3.9397E-02
     417          9         9.8837E-04      2.0810E-04      4.4321E-02
     418         10         9.8833E-04      1.8060E-04      4.9246E-02
     419         11         9.8831E-04      1.6291E-04      5.4170E-02
     420         12         9.8830E-04*     1.4817E-04      5.9095E-02
     421         13         9.8830E-04      1.3570E-04      6.4019E-02
     422         14         9.8831E-04      1.2501E-04      6.8944E-02
     423         15         9.8834E-04      1.1575E-04      7.3869E-02
     424         16         9.8839E-04      1.0769E-04      7.8793E-02
     425         17         9.8846E-04      1.0059E-04      8.3718E-02
     426         18         9.8854E-04      9.4280E-05      8.8642E-02
     427         19         9.8865E-04      8.8635E-05      9.3567E-02
     428         20         9.8879E-04      8.3554E-05      9.8491E-02
     429         21         9.8895E-04      7.8958E-05      1.0342E-01
     430         22         9.8914E-04      7.4779E-05      1.0834E-01
     431         23         9.8936E-04      7.0964E-05      1.1327E-01
     432         24         9.8961E-04      6.7466E-05      1.1819E-01
     433         25         9.8988E-04      6.4249E-05      1.2311E-01
     434         26         9.9019E-04      6.1279E-05      1.2804E-01
     435         27         9.9053E-04      5.8529E-05      1.3296E-01
     436         28         9.9091E-04      5.5975E-05      1.3789E-01
     437         29         9.9133E-04      5.3597E-05      1.4281E-01
     438         30         9.9179E-04      5.1378E-05      1.4774E-01
     439         31         9.9230E-04      4.9303E-05      1.5266E-01
     440         32         9.9286E-04      4.7356E-05      1.5759E-01
  

  new minimum =  9.883E-04  lm-par =  1.482E-04  delta-tol =  5.909E-02

       8          8         9.8832E-04
       5          5         9.8831E-04
       7          7         9.8833E-04
       6          6         9.8831E-04
       3          3         1.0066E-03
       4          4         1.0113E-03
       2          2         9.9011E-04
       1          1         9.9061E-04
     449          1         9.8818E-04      1.0132E-03      3.6934E-03
     450          2         9.8815E-04      4.4601E-04      7.3869E-03
     451          3         9.8813E-04      2.9295E-04      1.1080E-02
     452          4         9.8812E-04      2.1643E-04      1.4774E-02
     453          5         9.8811E-04      1.7051E-04      1.8467E-02
     454          6         9.8811E-04      1.4817E-04      2.2161E-02
     455          7         9.8810E-04*     1.1970E-04      2.5854E-02
     456          8         9.8810E-04      1.0255E-04      2.9547E-02
     457          9         9.8811E-04      8.9207E-05      3.3241E-02
     458         10         9.8812E-04      7.8678E-05      3.6934E-02
     459         11         9.8814E-04      7.0329E-05      4.0628E-02
     460         12         9.8816E-04      6.3372E-05      4.4321E-02
     461         13         9.8820E-04      5.7486E-05      4.8015E-02
     462         14         9.8824E-04      5.2440E-05      5.1708E-02
     463         15         9.8828E-04      4.8067E-05      5.5401E-02
     464         16         9.8833E-04      4.4241E-05      5.9095E-02
     465         17         9.8838E-04      4.0865E-05      6.2788E-02
     466         18         9.8844E-04      3.7863E-05      6.6482E-02
     467         19         9.8850E-04      3.5178E-05      7.0175E-02
     468         20         9.8857E-04      3.2762E-05      7.3869E-02
     469         21         9.8866E-04      3.0575E-05      7.7562E-02
     470         22         9.8874E-04      2.8587E-05      8.1255E-02
     471         23         9.8884E-04      2.6773E-05      8.4949E-02
     472         24         9.8894E-04      2.5109E-05      8.8642E-02
     473         25         9.8906E-04      2.3578E-05      9.2336E-02
     474         26         9.8918E-04      2.2166E-05      9.6029E-02
     475         27         9.8933E-04      2.0858E-05      9.9722E-02
     476         28         9.8948E-04      1.9643E-05      1.0342E-01
     477         29         9.8964E-04      1.8512E-05      1.0711E-01
     478         30         9.8982E-04      1.7456E-05      1.1080E-01
     479         31         9.9001E-04      1.6469E-05      1.1450E-01
     480         32         9.9022E-04      1.5543E-05      1.1819E-01
  

  new minimum =  9.881E-04  lm-par =  1.197E-04  delta-tol =  2.585E-02

       7          7         9.8814E-04
       6          6         9.8811E-04
       8          8         9.8812E-04
       3          3         1.0046E-03
       5          5         9.8811E-04
       4          4         1.0091E-03
       2          2         9.9056E-04
       1          1         9.8998E-04
     489          1         9.8810E-04*     4.7522E-05      1.6159E-03
     490          2         9.8810E-04      1.0267E-05      3.2317E-03
     491          3         9.8810E-04      2.0320E-06      4.8476E-03
     492          4         9.8810E-04      0.0000E+00      6.4635E-03
     493          5         9.8810E-04      0.0000E+00      8.0794E-03
     494          6         9.8810E-04      0.0000E+00      9.6952E-03
     495          7         9.8810E-04      0.0000E+00      1.1311E-02
     496          8         9.8810E-04      0.0000E+00      1.2927E-02
     497          9         9.8810E-04      0.0000E+00      1.4543E-02
     498         10         9.8810E-04      0.0000E+00      1.6159E-02
     499         11         9.8810E-04      0.0000E+00      1.7775E-02
     500         12         9.8810E-04      0.0000E+00      1.9390E-02
     501         13         9.8810E-04      0.0000E+00      2.1006E-02
     502         14         9.8810E-04      0.0000E+00      2.2622E-02
     503         15         9.8810E-04      0.0000E+00      2.4238E-02
     504         16         9.8810E-04      0.0000E+00      2.5854E-02
     505         17         9.8810E-04      0.0000E+00      2.7470E-02
     506         18         9.8811E-04      0.0000E+00      2.9086E-02
     507         19         9.8811E-04      0.0000E+00      3.0702E-02
     508         20         9.8811E-04      0.0000E+00      3.2317E-02
     509         21         9.8811E-04      0.0000E+00      3.3933E-02
     510         22         9.8811E-04      0.0000E+00      3.5549E-02
     511         23         9.8811E-04      0.0000E+00      3.7165E-02
     512         24         9.8811E-04      0.0000E+00      3.8781E-02
     513         25         9.8811E-04      0.0000E+00      4.0397E-02
     514         26         9.8811E-04      0.0000E+00      4.2013E-02
     515         27         9.8811E-04      0.0000E+00      4.3629E-02
     516         28         9.8811E-04      0.0000E+00      4.5244E-02
     517         29         9.8812E-04      0.0000E+00      4.6860E-02
     518         30         9.8812E-04      0.0000E+00      4.8476E-02
     519         31         9.8812E-04      0.0000E+00      5.0092E-02
     520         32         9.8812E-04      0.0000E+00      5.1708E-02
  

  new minimum =  9.881E-04  lm-par =  2.376E-05  delta-tol =  3.278E-03

       7          7         9.8813E-04
       8          8         9.8811E-04
       3          3         1.0042E-03
       6          6         9.8811E-04
       5          5         9.8810E-04
       4          4         1.0086E-03
       1          1         9.8987E-04
       2          2         9.9070E-04
     529          1         9.8810E-04      9.5175E-04      2.0487E-04
     530          2         9.8810E-04      4.3692E-04      4.0974E-04
     531          3         9.8810E-04      2.5621E-04      6.1461E-04
     532          4         9.8810E-04      1.8852E-04      8.1948E-04
     533          5         9.8810E-04      1.4792E-04      1.0243E-03
     534          6         9.8810E-04      1.2084E-04      1.2292E-03
     535          7         9.8810E-04      1.0150E-04      1.4341E-03
     536          8         9.8810E-04      8.7002E-05      1.6390E-03
     537          9         9.8810E-04      7.5721E-05      1.8438E-03
     538         10         9.8810E-04      6.6697E-05      2.0487E-03
     539         11         9.8810E-04      5.9314E-05      2.2536E-03
     540         12         9.8810E-04      5.3161E-05      2.4584E-03
     541         13         9.8810E-04      4.7954E-05      2.6633E-03
     542         14         9.8810E-04      4.3492E-05      2.8682E-03
     543         15         9.8810E-04      3.9624E-05      3.0730E-03
     544         16         9.8810E-04      3.6240E-05      3.2779E-03
     545         17         9.8810E-04      3.3254E-05      3.4828E-03
     546         18         9.8809E-04      3.0600E-05      3.6876E-03
     547         19         9.8809E-04*     2.8225E-05      3.8925E-03
     548         20         9.8809E-04      2.6088E-05      4.0974E-03
     549         21         9.8809E-04      2.4154E-05      4.3022E-03
     550         22         9.8809E-04      2.3761E-05      4.5071E-03
     551         23         9.8809E-04      2.3761E-05      4.7120E-03
     552         24         9.8810E-04      1.9369E-05      4.9169E-03
     553         25         9.8810E-04      1.8004E-05      5.1217E-03
     554         26         9.8810E-04      1.6745E-05      5.3266E-03
     555         27         9.8810E-04      1.5579E-05      5.5315E-03
     556         28         9.8810E-04      1.4496E-05      5.7363E-03
     557         29         9.8810E-04      1.3488E-05      5.9412E-03
     558         30         9.8810E-04      1.2552E-05      6.1461E-03
     559         31         9.8810E-04      1.1678E-05      6.3509E-03
     560         32         9.8810E-04      1.0860E-05      6.5558E-03
  

  new minimum =  9.881E-04  lm-par =  1.411E-05  delta-tol =  7.808E-03

       7          7         9.8813E-04
       3          3         1.0042E-03
       8          8         9.8811E-04
       6          6         9.8810E-04
       5          5         9.8810E-04
       4          4         1.0086E-03
       2          2         9.9069E-04
       1          1         9.8988E-04
     569          1         9.8809E-04*     6.1446E-04      4.8797E-04
     570          2         9.8809E-04      2.4906E-04      9.7595E-04
     571          3         9.8809E-04      1.6118E-04      1.4639E-03
     572          4         9.8810E-04      1.1725E-04      1.9519E-03
     573          5         9.8810E-04      9.0885E-05      2.4399E-03
     574          6         9.8810E-04      7.3310E-05      2.9278E-03
     575          7         9.8810E-04      6.0756E-05      3.4158E-03
     576          8         9.8810E-04      5.1341E-05      3.9038E-03
     577          9         9.8810E-04      4.4018E-05      4.3918E-03
     578         10         9.8810E-04      3.8160E-05      4.8797E-03
     579         11         9.8810E-04      3.3367E-05      5.3677E-03
     580         12         9.8810E-04      2.9373E-05      5.8557E-03
     581         13         9.8810E-04      2.5993E-05      6.3437E-03
     582         14         9.8810E-04      2.3096E-05      6.8316E-03
     583         15         9.8810E-04      2.0585E-05      7.3196E-03
     584         16         9.8810E-04      1.8388E-05      7.8076E-03
     585         17         9.8810E-04      1.6450E-05      8.2956E-03
     586         18         9.8811E-04      1.4727E-05      8.7835E-03
     587         19         9.8811E-04      1.4113E-05      9.2715E-03
     588         20         9.8811E-04      1.4113E-05      9.7595E-03
     589         21         9.8811E-04      1.0559E-05      1.0247E-02
     590         22         9.8811E-04      9.4111E-06      1.0735E-02
     591         23         9.8811E-04      8.3633E-06      1.1223E-02
     592         24         9.8811E-04      7.4042E-06      1.1711E-02
     593         25         9.8811E-04      6.5255E-06      1.2199E-02
     594         26         9.8811E-04      5.7143E-06      1.2687E-02
     595         27         9.8812E-04      4.9633E-06      1.3175E-02
     596         28         9.8812E-04      4.2659E-06      1.3663E-02
     597         29         9.8812E-04      3.6165E-06      1.4151E-02
     598         30         9.8812E-04      3.0105E-06      1.4639E-02
     599         31         9.8812E-04      2.4436E-06      1.5127E-02
     600         32         9.8812E-04      1.9121E-06      1.5615E-02
  

  new minimum =  9.881E-04  lm-par =  6.145E-04  delta-tol =  4.880E-04


 Levenberg-Marquardt optimizer status: 
 algorithm estimates that the relative error in the sum of squares is at most ftol.
----- STELLOPT DONE -----
                                  
================================= 
Global information about the job: 
================================= 
  
Job owner: mlan(29968)
Job name:  stellopt
Node list: dra0755
Job start: Wed Feb 10 22:00:12 CET 2021
Job end:   Wed Feb 10 22:02:47 CET 2021
Work dir:  /u/mlan/stellopt_scenarios/8DOF_targetBoundaryQA_iota_aspect/stellopt_Levenberg_Marquardt_32optimizers/./
Command:   /draco/u/mlan/stellopt_scenarios/8DOF_targetBoundaryQA_iota_aspect/stellopt_Levenberg_Marquardt_32optimizers/job
  
  
  
==========================================================================================
Information on jobsteps (Note: MaxRSS/AveRSS is the maximum/average over all 
tasks of the per-task memory high-water marks; cf. "man sacct"): 
==========================================================================================
  
       JobID    JobName NNodes NTasks  NCPUS       MaxRSS       AveRSS    Elapsed ExitCode 
------------ ---------- ------ ------ ------ ------------ ------------ ---------- -------- 
18877618       stellopt      1            64                             00:02:35      0:0 
18877618.0   xstellopt+      1     32     32      233.53M      160.96M   00:02:34      0:0 
  
Maximum memory per node: 7.65219 GB (defined as MaxRSS*Ntasks/NNodes)
CPU utilization: 94.2 %
     
