This is .bashrc
STELLOPT Version  2.75
  Equilibrium calculation provided by: 
  =================================================================================
  =========   Parallel Variational Moments Equilibrium Code (v 9.0)       =========
  =========                (S. Hirshman, J. Whitson)                      =========
  =========         http://vmecwiki.pppl.wikispaces.net/VMEC              =========
  =================================================================================
     
 -----  MPI Params.   -----
    MPI Version:  3.01
    Optimizers requested:           -1
    Number of Processors:           32
    Shared memory groups:            1
    Processors per group:           32
   Workers per optimizer:            1
     Optimizers provided:           32
 -----  Optimization  -----
    =======VARS=======
     RBC(-001, 001):  Radial Boundary Specification (COS)
     ZBS(-001, 001):  Vertical Boundary Specification (SIN)
     RBC( 000, 001):  Radial Boundary Specification (COS)
     ZBS( 000, 001):  Vertical Boundary Specification (SIN)
     RBC( 001, 000):  Radial Boundary Specification (COS)
     ZBS( 001, 000):  Vertical Boundary Specification (SIN)
     RBC( 001, 001):  Radial Boundary Specification (COS)
     ZBS( 001, 001):  Vertical Boundary Specification (SIN)
    ======TARGETS=====
     Aspect Ratio
     Rotational Transform
     Boozer Spectrum Helicity
    ==================
    Number of Parameters:            8
    Number of Targets:            1042
    !!!! EQUILIBRIUM RESTARTING NOT UTILIZED !!!!
*******************************************************************************************************
WARNING! Bound constraints were set, but an algorithm was chosen that does not allow bound constraints.
Therefore, the bound constraints will be ignored for this calculation.
*******************************************************************************************************
 ---------------------------  EQUILIBRIUM CALCULATION  ------------------------

  NS =   16 NO. FOURIER MODES =   41 FTOLV =  1.000E-16 NITER =    600
  PROCESSOR COUNT - RADIAL:    1
 INITIAL JACOBIAN CHANGED SIGN!
 TRYING TO IMPROVE INITIAL MAGNETIC AXIS GUESS
  ---- Improved AXIS Guess ----
      RAXIS_CC =    1.00000000000000       0.150000000000000     
  1.308410382236479E-017 -4.090245111258953E-016 -4.186913223156733E-016
      ZAXIS_CS =   0.000000000000000E+000  0.150000000000000     
  2.453269466693398E-017 -1.144859084456919E-017  0.000000000000000E+000
  -----------------------------

  ITER    FSQR      FSQZ      FSQL    RAX(v=0)    DELT       WMHD

    1  1.65E-02  3.06E-03  9.85E-03  1.150E+00  9.00E-01  2.6377E+01
  200  2.59E-11  7.53E-12  1.03E-11  1.136E+00  9.00E-01  2.6098E+01
  400  6.71E-12  1.31E-12  2.39E-12  1.136E+00  9.00E-01  2.6098E+01
  600  1.31E-12  9.61E-14  6.24E-13  1.134E+00  9.00E-01  2.6098E+01

  NS =   51 NO. FOURIER MODES =   41 FTOLV =  1.000E-11 NITER =   4000
  PROCESSOR COUNT - RADIAL:    1

  ITER    FSQR      FSQZ      FSQL    RAX(v=0)    DELT       WMHD

    1  7.04E-04  2.07E-04  7.65E-08  1.134E+00  9.00E-01  2.6098E+01
  200  8.00E-11  3.48E-11  9.43E-13  1.134E+00  9.00E-01  2.6098E+01
  400  1.35E-11  5.07E-12  4.12E-13  1.133E+00  9.00E-01  2.6098E+01
  426  9.79E-12  4.26E-12  3.50E-13  1.133E+00  9.00E-01  2.6098E+01

 EXECUTION TERMINATED NORMALLY

 FILE : nfp2_QA_opt0
 NUMBER OF JACOBIAN RESETS =    0

    TOTAL COMPUTATIONAL TIME (SEC)         2.28
    TIME TO INPUT/OUTPUT                   0.01
       READ IN DATA                        0.00
       WRITE OUT DATA TO WOUT              0.01
    TIME IN FUNCT3D                        2.25
       BCOVAR FIELDS                       0.36
       FOURIER TRANSFORM                   0.40
       INVERSE FOURIER TRANSFORM           0.38
       FORCES AND SYMMETRIZE               0.26
       RESIDUE                             0.68
       EQFORCE                             0.00
 -------------------------  PARAVMEC CALCULATION DONE  -----------------------
     ASPECT RATIO:    4.915
             BETA:    0.000  (total)
                      0.000  (poloidal)
                      0.000  (toroidal)
  TORIDAL CURRENT:   -0.127935856353E-09
     TORIDAL FLUX:    1.000
           VOLUME:    0.817
     MAJOR RADIUS:    1.000
     MINOR RADIUS:    0.203
       AXIS FIELD:    7.866
    STORED ENERGY:    0.000000000000E+00
 ---------------------------  BOOZER TRANSFORMATION  -------------------------
  0 <= mboz <=   31    -16 <= nboz <=   16
  nu_boz =   130 nv_boz =    66

             OUTBOARD (u=0)              JS          INBOARD (u=pi)
-----------------------------------------------------------------------------
  v     |B|vmec    |B|booz    Error             |B|vmec    |B|booz    Error

  0    6.272E+00  6.272E+00  2.434E-13   51    1.034E+01  1.034E+01  2.626E-08
 pi    7.552E+00  7.552E+00  7.009E-14         8.601E+00  8.601E+00  8.089E-08

Optimization with MANGO (https://github.com/hiddenSymmetries/mango)
 optimization algorithm: gsl_lm

 worker group,  objective function
 ---------------------------------
    0   1.370091107802968E+00
    7   1.370087120141277E+00
    3   1.370117795142789E+00
    8   1.370087299502507E+00
    5   1.370090779706148E+00
    4   1.370116956476771E+00
    2   1.370087145827703E+00
    6   1.370090783279775E+00
    1   1.370087278845767E+00
    0   1.370091107802968E+00
    0   1.000000000000023E+12
    0   1.000000000000023E+12
    0   3.507400198119047E+00
    0   1.396986349961568E-01
    8   1.397056982556589E-01
    3   1.396876471333293E-01
    6   1.396989613043191E-01
    5   1.396988268690340E-01
    7   1.397062634890058E-01
    4   1.396852805203602E-01
    2   1.397089102684252E-01
    1   1.397036261584599E-01
    0   1.396986349961568E-01
    0   2.057374824323110E-02
    3   2.057259371932759E-02
    7   2.057439421516769E-02
    4   2.057242717430966E-02
    6   2.057377701133812E-02
    5   2.057374020008307E-02
    8   2.057427663896299E-02
    2   2.057459104105359E-02
    1   2.057418311975183E-02
    0   2.057374824323110E-02
    0   1.951263401897970E-02
    3   1.950984154686447E-02
    6   1.951270634504862E-02
    8   1.951350451225014E-02
    7   1.951334133909762E-02
    4   1.950908964201244E-02
    2   1.951516640789431E-02
    1   1.951254566639295E-02
    5   1.951263982606948E-02
    0   1.951263401897970E-02
    0   5.853552944311927E-03
    3   5.853227197366884E-03
    6   5.853581972868822E-03
    8   5.853650743482487E-03
    7   5.853611369106778E-03
    4   5.853129232805629E-03
    5   5.853592071077162E-03
    2   5.853851468652960E-03
    0   5.853552944311927E-03
    1   5.853548254345835E-03
    0   1.972648174134721E-03
    3   1.972309130146633E-03
    8   1.973027053093844E-03
    6   1.972670605799766E-03
    7   1.972861504544439E-03
    5   1.972661128338354E-03
    4   1.971932691351009E-03
    2   1.973397269246874E-03
    1   1.972684402156304E-03
    0   1.972648174134721E-03
    0   1.072341647332056E-03
    6   1.072342433181017E-03
    4   1.072373322739514E-03
    2   1.072322053972332E-03
    7   1.072350767365002E-03
    1   1.072364596727910E-03
    8   1.072363939682374E-03
    3   1.072384410411929E-03
    5   1.072341546831110E-03
    0   1.072341647332056E-03
    0   1.037172872688525E-03
    3   1.037221799759571E-03
    5   1.037171781767553E-03
    7   1.037161673988178E-03
    6   1.037173063697357E-03
    8   1.037176526385397E-03
    4   1.037229974358124E-03
    2   1.037121622522638E-03
    1   1.037189070772095E-03
    0   1.037172872688525E-03
    0   1.015166136431690E-03
    1   1.015148994955431E-03
    5   1.015165524686711E-03
    2   1.015193003478948E-03
    4   1.015117435382668E-03
    3   1.015120850820561E-03
    6   1.015165897135742E-03
    8   1.015164199172369E-03
    7   1.015164116303887E-03
    0   1.015166136431690E-03
    0   1.003580126418863E-03
    3   1.003514294401416E-03
    5   1.003579777597135E-03
    8   1.003577007218931E-03
    6   1.003579853307617E-03
    4   1.003511950130153E-03
    7   1.003581011014013E-03
    2   1.003623709348748E-03
    1   1.003555618580843E-03
    0   1.003580126418863E-03
    0   9.949921038830563E-04
    6   9.949919988293248E-04
    7   9.949924097734425E-04
    4   9.949577309739308E-04
    3   9.949583557084789E-04
    5   9.949919997752489E-04
    2   9.950146249301632E-04
    1   9.949788764595090E-04
    8   9.949902779460796E-04
    0   9.949921038830563E-04
    0   9.910827363952971E-04
    6   9.910825366059829E-04
    7   9.910834764376775E-04
    3   9.910312425179927E-04
    4   9.910334547231846E-04
    5   9.910825239216649E-04
    2   9.911160320586108E-04
    1   9.910636266847715E-04
    0   9.910827363952971E-04
    8   9.910801243148456E-04
    0   9.885305652140713E-04
    3   9.885206044821316E-04
    4   9.885211912451218E-04
    2   9.885371168600770E-04
    8   9.885298707077174E-04
    6   9.885305236742529E-04
    5   9.885305405990222E-04
    7   9.885305567734911E-04
    1   9.885266415243677E-04
    0   9.885305652140713E-04
    0   9.881417173515557E-04
    6   9.881416876523128E-04
    8   9.881411732496207E-04
    7   9.881416657123777E-04
    3   9.881341065853457E-04
    5   9.881417069029209E-04
    4   9.881348891676970E-04
    2   9.881467964928995E-04
    1   9.881386448147046E-04
    0   9.881417173515557E-04
    0   9.880944630007863E-04
    0   9.880944630007863E-04
    8   9.880944561680661E-04
    3   9.880947747623909E-04
    6   9.880944601367153E-04
    7   9.880945389432684E-04
    4   9.880947806543401E-04
    5   9.880944639721772E-04
    2   9.880948199105417E-04
    1   9.880945252323456E-04
    0   9.880944003720958E-04
    8   9.880944569272015E-04
    7   9.880944748417357E-04
    6   9.880944005740632E-04
    3   9.880948885557896E-04
    4   9.880948486076058E-04
    1   9.880945288039747E-04
    5   9.880944009333351E-04
    2   9.880946860542292E-04
    0   9.880944003720958E-04
    0   9.880944254726815E-04
    0   9.880944111251995E-04
    0   9.880944017059952E-04
    0   9.880944003066764E-04
    1   9.880945256071896E-04
    2   9.880946849118173E-04
    0   9.880944003066764E-04
    8   9.880944562722738E-04
    6   9.880944007106176E-04
    3   9.880948862370335E-04
    7   9.880944719243487E-04
    4   9.880948491547748E-04
    5   9.880944004263693E-04
    0   9.880943999775102E-04
    8   9.880944564582687E-04
    7   9.880944727917100E-04
    3   9.880948864207084E-04
    5   9.880944003253086E-04
    6   9.880944004426449E-04
    4   9.880948486388520E-04
    2   9.880946843873837E-04
    1   9.880945271155965E-04
    0   9.880943999775102E-04
    0   9.880944002956993E-04
    0   9.880944002748234E-04
    0   9.880944003084321E-04
    0   9.880943997448704E-04
    5   9.880944007465162E-04
    4   9.880948488504098E-04
    3   9.880948861828720E-04
    8   9.880944564991320E-04
    6   9.880944006472685E-04
    7   9.880944725519573E-04
    1   9.880945262125910E-04
    2   9.880946845274444E-04
    0   9.880943997448704E-04
    0   9.880944011811431E-04
    0   9.880944006549421E-04
    0   9.880944005699263E-04
    0   9.880944008192857E-04
    0   9.880944002653566E-04
    0   9.880944000255341E-04
    0   9.880944003514509E-04
    0   9.880944002394962E-04
    0   9.880944002825969E-04
    0   9.880943997448704E-04
    0   9.880943997448704E-04
    0   9.880943997448704E-04
    0   9.880943997448704E-04
    0   9.880943997448704E-04
    0   9.880943997448704E-04
    0   9.880943997448704E-04
----- STELLOPT DONE -----
                                  
================================= 
Global information about the job: 
================================= 
  
Job owner: mlan(29968)
Job name:  stellopt
Node list: dra0757
Job start: Wed Feb 10 22:30:02 CET 2021
Job end:   Wed Feb 10 22:33:50 CET 2021
Work dir:  /u/mlan/stellopt_scenarios/8DOF_targetBoundaryQA_iota_aspect/stellopt_gsl_lm/./
Command:   /draco/u/mlan/stellopt_scenarios/8DOF_targetBoundaryQA_iota_aspect/stellopt_gsl_lm/job
  
  
  
==========================================================================================
Information on jobsteps (Note: MaxRSS/AveRSS is the maximum/average over all 
tasks of the per-task memory high-water marks; cf. "man sacct"): 
==========================================================================================
  
       JobID    JobName NNodes NTasks  NCPUS       MaxRSS       AveRSS    Elapsed ExitCode 
------------ ---------- ------ ------ ------ ------------ ------------ ---------- -------- 
18877996       stellopt      1            64                             00:03:48      0:0 
18877996.0   xstellopt+      1     32     32      147.66M       65.53M   00:03:43      0:0 
  
Maximum memory per node: 4.8385 GB (defined as MaxRSS*Ntasks/NNodes)
CPU utilization: 96.1 %
     
